Start testing: Apr 10 12:38 UTC
----------------------------------------------------------
1/3 Testing: bubblesort
1/3 Test: bubblesort
Command: "/home/pcsdocker/Data/ES_PCS_26/esercitazione4/esercitazione/build/test_bubblesort"
Directory: /home/pcsdocker/Data/ES_PCS_26/esercitazione4/esercitazione/build
"bubblesort" start time: Apr 10 12:38 UTC
Output:
----------------------------------------------------------
Test superati con SUCCESSO
<end of output>
Test time =   2.27 sec
----------------------------------------------------------
Test Passed.
"bubblesort" end time: Apr 10 12:38 UTC
"bubblesort" time elapsed: 00:00:02
----------------------------------------------------------

2/3 Testing: insertionsort
2/3 Test: insertionsort
Command: "/home/pcsdocker/Data/ES_PCS_26/esercitazione4/esercitazione/build/test_insertionsort"
Directory: /home/pcsdocker/Data/ES_PCS_26/esercitazione4/esercitazione/build
"insertionsort" start time: Apr 10 12:38 UTC
Output:
----------------------------------------------------------
Test superati con SUCCESSO
<end of output>
Test time =   0.49 sec
----------------------------------------------------------
Test Passed.
"insertionsort" end time: Apr 10 12:38 UTC
"insertionsort" time elapsed: 00:00:00
----------------------------------------------------------

3/3 Testing: selectionsort
3/3 Test: selectionsort
Command: "/home/pcsdocker/Data/ES_PCS_26/esercitazione4/esercitazione/build/test_selectionsort"
Directory: /home/pcsdocker/Data/ES_PCS_26/esercitazione4/esercitazione/build
"selectionsort" start time: Apr 10 12:38 UTC
Output:
----------------------------------------------------------
Test superati con SUCCESSO
<end of output>
Test time =   0.77 sec
----------------------------------------------------------
Test Passed.
"selectionsort" end time: Apr 10 12:38 UTC
"selectionsort" time elapsed: 00:00:00
----------------------------------------------------------

End testing: Apr 10 12:38 UTC
