Start testing: May 12 08:05 UTC
----------------------------------------------------------
1/13 Testing: ordine_canonico
1/13 Test: ordine_canonico
Command: "/home/pcsdocker/Data/ES_PCS_26/esercitazione8/map_set_throw/build/test_ordine_canonico"
Directory: /home/pcsdocker/Data/ES_PCS_26/esercitazione8/map_set_throw/build
"ordine_canonico" start time: May 12 08:05 UTC
Output:
----------------------------------------------------------
<end of output>
Test time =   0.00 sec
----------------------------------------------------------
Test Passed.
"ordine_canonico" end time: May 12 08:05 UTC
"ordine_canonico" time elapsed: 00:00:00
----------------------------------------------------------

2/13 Testing: from_to
2/13 Test: from_to
Command: "/home/pcsdocker/Data/ES_PCS_26/esercitazione8/map_set_throw/build/test_from_to"
Directory: /home/pcsdocker/Data/ES_PCS_26/esercitazione8/map_set_throw/build
"from_to" start time: May 12 08:05 UTC
Output:
----------------------------------------------------------
<end of output>
Test time =   0.00 sec
----------------------------------------------------------
Test Passed.
"from_to" end time: May 12 08:05 UTC
"from_to" time elapsed: 00:00:00
----------------------------------------------------------

3/13 Testing: e_uguaglianza
3/13 Test: e_uguaglianza
Command: "/home/pcsdocker/Data/ES_PCS_26/esercitazione8/map_set_throw/build/test_e_uguaglianza"
Directory: /home/pcsdocker/Data/ES_PCS_26/esercitazione8/map_set_throw/build
"e_uguaglianza" start time: May 12 08:05 UTC
Output:
----------------------------------------------------------
<end of output>
Test time =   0.00 sec
----------------------------------------------------------
Test Passed.
"e_uguaglianza" end time: May 12 08:05 UTC
"e_uguaglianza" time elapsed: 00:00:00
----------------------------------------------------------

4/13 Testing: e_disuguaglianza
4/13 Test: e_disuguaglianza
Command: "/home/pcsdocker/Data/ES_PCS_26/esercitazione8/map_set_throw/build/test_e_disuguaglianza"
Directory: /home/pcsdocker/Data/ES_PCS_26/esercitazione8/map_set_throw/build
"e_disuguaglianza" start time: May 12 08:05 UTC
Output:
----------------------------------------------------------
<end of output>
Test time =   0.00 sec
----------------------------------------------------------
Test Passed.
"e_disuguaglianza" end time: May 12 08:05 UTC
"e_disuguaglianza" time elapsed: 00:00:00
----------------------------------------------------------

5/13 Testing: e_minore
5/13 Test: e_minore
Command: "/home/pcsdocker/Data/ES_PCS_26/esercitazione8/map_set_throw/build/test_e_minore"
Directory: /home/pcsdocker/Data/ES_PCS_26/esercitazione8/map_set_throw/build
"e_minore" start time: May 12 08:05 UTC
Output:
----------------------------------------------------------
<end of output>
Test time =   0.00 sec
----------------------------------------------------------
Test Passed.
"e_minore" end time: May 12 08:05 UTC
"e_minore" time elapsed: 00:00:00
----------------------------------------------------------

6/13 Testing: g_costr
6/13 Test: g_costr
Command: "/home/pcsdocker/Data/ES_PCS_26/esercitazione8/map_set_throw/build/test_g_costr"
Directory: /home/pcsdocker/Data/ES_PCS_26/esercitazione8/map_set_throw/build
"g_costr" start time: May 12 08:05 UTC
Output:
----------------------------------------------------------
<end of output>
Test time =   0.00 sec
----------------------------------------------------------
Test Passed.
"g_costr" end time: May 12 08:05 UTC
"g_costr" time elapsed: 00:00:00
----------------------------------------------------------

7/13 Testing: g_neigh
7/13 Test: g_neigh
Command: "/home/pcsdocker/Data/ES_PCS_26/esercitazione8/map_set_throw/build/test_g_neigh"
Directory: /home/pcsdocker/Data/ES_PCS_26/esercitazione8/map_set_throw/build
"g_neigh" start time: May 12 08:05 UTC
Output:
----------------------------------------------------------
Eccezione neighbours: nodo non trovato
 catturata con successo
<end of output>
Test time =   0.00 sec
----------------------------------------------------------
Test Passed.
"g_neigh" end time: May 12 08:05 UTC
"g_neigh" time elapsed: 00:00:00
----------------------------------------------------------

8/13 Testing: g_add_edge
8/13 Test: g_add_edge
Command: "/home/pcsdocker/Data/ES_PCS_26/esercitazione8/map_set_throw/build/test_g_add_edge"
Directory: /home/pcsdocker/Data/ES_PCS_26/esercitazione8/map_set_throw/build
"g_add_edge" start time: May 12 08:05 UTC
Output:
----------------------------------------------------------
<end of output>
Test time =   0.00 sec
----------------------------------------------------------
Test Passed.
"g_add_edge" end time: May 12 08:05 UTC
"g_add_edge" time elapsed: 00:00:00
----------------------------------------------------------

9/13 Testing: g_all_edges
9/13 Test: g_all_edges
Command: "/home/pcsdocker/Data/ES_PCS_26/esercitazione8/map_set_throw/build/test_g_all_edges"
Directory: /home/pcsdocker/Data/ES_PCS_26/esercitazione8/map_set_throw/build
"g_all_edges" start time: May 12 08:05 UTC
Output:
----------------------------------------------------------
<end of output>
Test time =   0.00 sec
----------------------------------------------------------
Test Passed.
"g_all_edges" end time: May 12 08:05 UTC
"g_all_edges" time elapsed: 00:00:00
----------------------------------------------------------

10/13 Testing: g_all_nodes
10/13 Test: g_all_nodes
Command: "/home/pcsdocker/Data/ES_PCS_26/esercitazione8/map_set_throw/build/test_g_all_nodes"
Directory: /home/pcsdocker/Data/ES_PCS_26/esercitazione8/map_set_throw/build
"g_all_nodes" start time: May 12 08:05 UTC
Output:
----------------------------------------------------------
<end of output>
Test time =   0.00 sec
----------------------------------------------------------
Test Passed.
"g_all_nodes" end time: May 12 08:05 UTC
"g_all_nodes" time elapsed: 00:00:00
----------------------------------------------------------

11/13 Testing: g_number
11/13 Test: g_number
Command: "/home/pcsdocker/Data/ES_PCS_26/esercitazione8/map_set_throw/build/test_g_number"
Directory: /home/pcsdocker/Data/ES_PCS_26/esercitazione8/map_set_throw/build
"g_number" start time: May 12 08:05 UTC
Output:
----------------------------------------------------------
Arco (1; 2) trovato in posizione 0
Tentativo di accesso all'arco (8; 9) non presente
L'eccezione prevista è stata correttamente catturata: edge_number: arco non trovato

<end of output>
Test time =   0.00 sec
----------------------------------------------------------
Test Passed.
"g_number" end time: May 12 08:05 UTC
"g_number" time elapsed: 00:00:00
----------------------------------------------------------

12/13 Testing: g_at
12/13 Test: g_at
Command: "/home/pcsdocker/Data/ES_PCS_26/esercitazione8/map_set_throw/build/test_g_at"
Directory: /home/pcsdocker/Data/ES_PCS_26/esercitazione8/map_set_throw/build
"g_at" start time: May 12 08:05 UTC
Output:
----------------------------------------------------------
Catturata con successo l'eccezione per l'indice 19: edge_at: indice fuori dal range

Catturata con successo l'eccezione per l'indice -1: edge_at: indice fuori dal range

<end of output>
Test time =   0.00 sec
----------------------------------------------------------
Test Passed.
"g_at" end time: May 12 08:05 UTC
"g_at" time elapsed: 00:00:00
----------------------------------------------------------

13/13 Testing: g_differenza
13/13 Test: g_differenza
Command: "/home/pcsdocker/Data/ES_PCS_26/esercitazione8/map_set_throw/build/test_g_differenza"
Directory: /home/pcsdocker/Data/ES_PCS_26/esercitazione8/map_set_throw/build
"g_differenza" start time: May 12 08:05 UTC
Output:
----------------------------------------------------------
<end of output>
Test time =   0.00 sec
----------------------------------------------------------
Test Passed.
"g_differenza" end time: May 12 08:05 UTC
"g_differenza" time elapsed: 00:00:00
----------------------------------------------------------

End testing: May 12 08:05 UTC
