Start testing: May 20 09:23 UTC
----------------------------------------------------------
1/1 Testing: gradiente_coniugato
1/1 Test: gradiente_coniugato
Command: "/home/pcsdocker/Data/ES_PCS_26/esercitazione10/build/test_grad_coniug"
Directory: /home/pcsdocker/Data/ES_PCS_26/esercitazione10/build
"gradiente_coniugato" start time: May 20 09:23 UTC
Output:
----------------------------------------------------------
A = 4 1
1 3
a = 6
7
Il sistema 2x2 Ax = a ha restituito il risultato corretto
B = 4 1 0
1 4 1
0 1 4
b =  8
12
13
Il sistema 3x3 Bx = b ha restituito il risultato corretto
I = 1 0 0 0
0 1 0 0
0 0 1 0
0 0 0 1
c =  0.680375
-0.211234
 0.566198
  0.59688
Il sistema 3x3 Ix = c ha restituito il risultato corretto
D = 4 0 0 0 0
0 2 0 0 0
0 0 7 0 0
0 0 0 1 0
0 0 0 0 5
d = 4
2
7
1
5
Il sistema 5x5 Dx = d ha restituito il risultato corretto
E = 5
e = 10
Il sistema 1x1 Ex = e ha restituito il risultato corretto
F = 1 2 3
3 2 1
f = 9.26894e-310
           0
La matrice non è quadrata!OK: la matrice non quadrata F non ha restituito nulla.
G = 1 2
3 4
La matrice non è simmetrica!OK: la matrice non simmetrica G non ha restituito nulla.
H = -1  0
 0 -1
h = 0
0
La matrice non è definita positiva!OK: la matrice definita negativa non ha restituito nulla.
J = -1  0
 0  0
j = 0
0
La matrice non è definita positiva!OK: la matrice semidefinita positiva non ha restituito nulla.
<end of output>
Test time =   0.00 sec
----------------------------------------------------------
Test Passed.
"gradiente_coniugato" end time: May 20 09:23 UTC
"gradiente_coniugato" time elapsed: 00:00:00
----------------------------------------------------------

End testing: May 20 09:23 UTC
