Start testing: May 03 10:12 UTC
----------------------------------------------------------
1/6 Testing: bubblesort
1/6 Test: bubblesort
Command: "/home/pcsdocker/Data/ES_PCS_26/esercitazione5/build_release/test_bubblesort"
Directory: /home/pcsdocker/Data/ES_PCS_26/esercitazione5/build_release
"bubblesort" start time: May 03 10:12 UTC
Output:
----------------------------------------------------------
Test superati con SUCCESSO
<end of output>
Test time =   0.37 sec
----------------------------------------------------------
Test Passed.
"bubblesort" end time: May 03 10:12 UTC
"bubblesort" time elapsed: 00:00:00
----------------------------------------------------------

2/6 Testing: insertionsort
2/6 Test: insertionsort
Command: "/home/pcsdocker/Data/ES_PCS_26/esercitazione5/build_release/test_insertionsort"
Directory: /home/pcsdocker/Data/ES_PCS_26/esercitazione5/build_release
"insertionsort" start time: May 03 10:12 UTC
Output:
----------------------------------------------------------
Test superati con SUCCESSO
<end of output>
Test time =   0.12 sec
----------------------------------------------------------
Test Passed.
"insertionsort" end time: May 03 10:12 UTC
"insertionsort" time elapsed: 00:00:00
----------------------------------------------------------

3/6 Testing: mergesort
3/6 Test: mergesort
Command: "/home/pcsdocker/Data/ES_PCS_26/esercitazione5/build_release/test_mergesort"
Directory: /home/pcsdocker/Data/ES_PCS_26/esercitazione5/build_release
"mergesort" start time: May 03 10:12 UTC
Output:
----------------------------------------------------------
Test superati con SUCCESSO
<end of output>
Test time =   0.02 sec
----------------------------------------------------------
Test Passed.
"mergesort" end time: May 03 10:12 UTC
"mergesort" time elapsed: 00:00:00
----------------------------------------------------------

4/6 Testing: quicksort
4/6 Test: quicksort
Command: "/home/pcsdocker/Data/ES_PCS_26/esercitazione5/build_release/test_quicksort"
Directory: /home/pcsdocker/Data/ES_PCS_26/esercitazione5/build_release
"quicksort" start time: May 03 10:12 UTC
Output:
----------------------------------------------------------
Test superati con SUCCESSO
<end of output>
Test time =   0.01 sec
----------------------------------------------------------
Test Passed.
"quicksort" end time: May 03 10:12 UTC
"quicksort" time elapsed: 00:00:00
----------------------------------------------------------

5/6 Testing: selectionsort
5/6 Test: selectionsort
Command: "/home/pcsdocker/Data/ES_PCS_26/esercitazione5/build_release/test_selectionsort"
Directory: /home/pcsdocker/Data/ES_PCS_26/esercitazione5/build_release
"selectionsort" start time: May 03 10:12 UTC
Output:
----------------------------------------------------------
Test superati con SUCCESSO
<end of output>
Test time =   0.18 sec
----------------------------------------------------------
Test Passed.
"selectionsort" end time: May 03 10:12 UTC
"selectionsort" time elapsed: 00:00:00
----------------------------------------------------------

6/6 Testing: quicksorthybrid
6/6 Test: quicksorthybrid
Command: "/home/pcsdocker/Data/ES_PCS_26/esercitazione5/build_release/test_quicksorthybrid"
Directory: /home/pcsdocker/Data/ES_PCS_26/esercitazione5/build_release
"quicksorthybrid" start time: May 03 10:12 UTC
Output:
----------------------------------------------------------
Test superati con SUCCESSO
<end of output>
Test time =   0.01 sec
----------------------------------------------------------
Test Passed.
"quicksorthybrid" end time: May 03 10:12 UTC
"quicksorthybrid" time elapsed: 00:00:00
----------------------------------------------------------

End testing: May 03 10:12 UTC
