Start testing: Apr 22 19:35 UTC
----------------------------------------------------------
1/5 Testing: bubblesort
1/5 Test: bubblesort
Command: "/home/pcsdocker/Data/ES_PCS_26/esercitazione5/build_release/test_bubblesort"
Directory: /home/pcsdocker/Data/ES_PCS_26/esercitazione5/build_release
"bubblesort" start time: Apr 22 19:35 UTC
Output:
----------------------------------------------------------
Test superati con SUCCESSO
<end of output>
Test time =   0.37 sec
----------------------------------------------------------
Test Passed.
"bubblesort" end time: Apr 22 19:35 UTC
"bubblesort" time elapsed: 00:00:00
----------------------------------------------------------

2/5 Testing: insertionsort
2/5 Test: insertionsort
Command: "/home/pcsdocker/Data/ES_PCS_26/esercitazione5/build_release/test_insertionsort"
Directory: /home/pcsdocker/Data/ES_PCS_26/esercitazione5/build_release
"insertionsort" start time: Apr 22 19:35 UTC
Output:
----------------------------------------------------------
Test superati con SUCCESSO
<end of output>
Test time =   0.11 sec
----------------------------------------------------------
Test Passed.
"insertionsort" end time: Apr 22 19:35 UTC
"insertionsort" time elapsed: 00:00:00
----------------------------------------------------------

3/5 Testing: mergesort
3/5 Test: mergesort
Command: "/home/pcsdocker/Data/ES_PCS_26/esercitazione5/build_release/test_mergesort"
Directory: /home/pcsdocker/Data/ES_PCS_26/esercitazione5/build_release
"mergesort" start time: Apr 22 19:35 UTC
Output:
----------------------------------------------------------
Test superati con SUCCESSO
<end of output>
Test time =   0.02 sec
----------------------------------------------------------
Test Passed.
"mergesort" end time: Apr 22 19:35 UTC
"mergesort" time elapsed: 00:00:00
----------------------------------------------------------

4/5 Testing: quicksort
4/5 Test: quicksort
Command: "/home/pcsdocker/Data/ES_PCS_26/esercitazione5/build_release/test_quicksort"
Directory: /home/pcsdocker/Data/ES_PCS_26/esercitazione5/build_release
"quicksort" start time: Apr 22 19:35 UTC
Output:
----------------------------------------------------------
Test superati con SUCCESSO
<end of output>
Test time =   0.01 sec
----------------------------------------------------------
Test Passed.
"quicksort" end time: Apr 22 19:35 UTC
"quicksort" time elapsed: 00:00:00
----------------------------------------------------------

5/5 Testing: selectionsort
5/5 Test: selectionsort
Command: "/home/pcsdocker/Data/ES_PCS_26/esercitazione5/build_release/test_selectionsort"
Directory: /home/pcsdocker/Data/ES_PCS_26/esercitazione5/build_release
"selectionsort" start time: Apr 22 19:35 UTC
Output:
----------------------------------------------------------
Test superati con SUCCESSO
<end of output>
Test time =   0.16 sec
----------------------------------------------------------
Test Passed.
"selectionsort" end time: Apr 22 19:35 UTC
"selectionsort" time elapsed: 00:00:00
----------------------------------------------------------

End testing: Apr 22 19:35 UTC
